<?xml version="1.0" encoding="UTF-8"?>
<testsuite xmlns:xsi="http://www.w3.org/2001/XMLSchema-instance" xsi:noNamespaceSchemaLocation="https://maven.apache.org/surefire/maven-surefire-plugin/xsd/surefire-test-report.xsd" name="dengzhenzhang.top.unibook_back.UnibookBackApplicationTests" time="16.045" tests="1" errors="0" skipped="0" failures="0">
  <properties>
    <property name="sun.desktop" value="windows"/>
    <property name="awt.toolkit" value="sun.awt.windows.WToolkit"/>
    <property name="file.encoding.pkg" value="sun.io"/>
    <property name="java.specification.version" value="1.8"/>
    <property name="sun.cpu.isalist" value="amd64"/>
    <property name="sun.jnu.encoding" value="GBK"/>
    <property name="java.class.path" value="D:\Program Files\uniapp\project\unibook_back\target\test-classes;D:\Program Files\uniapp\project\unibook_back\target\classes;D:\Program Files (x86)\apache-maven-3.9.0-bin\apache-maven-3.9.0\rep\org\springframework\boot\spring-boot-starter-web\2.7.12\spring-boot-starter-web-2.7.12.jar;D:\Program Files (x86)\apache-maven-3.9.0-bin\apache-maven-3.9.0\rep\org\springframework\boot\spring-boot-starter\2.7.12\spring-boot-starter-2.7.12.jar;D:\Program Files (x86)\apache-maven-3.9.0-bin\apache-maven-3.9.0\rep\org\springframework\boot\spring-boot\2.7.12\spring-boot-2.7.12.jar;D:\Program Files (x86)\apache-maven-3.9.0-bin\apache-maven-3.9.0\rep\org\springframework\boot\spring-boot-starter-logging\2.7.12\spring-boot-starter-logging-2.7.12.jar;D:\Program Files (x86)\apache-maven-3.9.0-bin\apache-maven-3.9.0\rep\ch\qos\logback\logback-classic\1.2.12\logback-classic-1.2.12.jar;D:\Program Files (x86)\apache-maven-3.9.0-bin\apache-maven-3.9.0\rep\ch\qos\logback\logback-core\1.2.12\logback-core-1.2.12.jar;D:\Program Files (x86)\apache-maven-3.9.0-bin\apache-maven-3.9.0\rep\org\apache\logging\log4j\log4j-to-slf4j\2.17.2\log4j-to-slf4j-2.17.2.jar;D:\Program Files (x86)\apache-maven-3.9.0-bin\apache-maven-3.9.0\rep\org\apache\logging\log4j\log4j-api\2.17.2\log4j-api-2.17.2.jar;D:\Program Files (x86)\apache-maven-3.9.0-bin\apache-maven-3.9.0\rep\org\slf4j\jul-to-slf4j\1.7.36\jul-to-slf4j-1.7.36.jar;D:\Program Files (x86)\apache-maven-3.9.0-bin\apache-maven-3.9.0\rep\jakarta\annotation\jakarta.annotation-api\1.3.5\jakarta.annotation-api-1.3.5.jar;D:\Program Files (x86)\apache-maven-3.9.0-bin\apache-maven-3.9.0\rep\org\yaml\snakeyaml\1.30\snakeyaml-1.30.jar;D:\Program Files (x86)\apache-maven-3.9.0-bin\apache-maven-3.9.0\rep\org\springframework\boot\spring-boot-starter-json\2.7.12\spring-boot-starter-json-2.7.12.jar;D:\Program Files (x86)\apache-maven-3.9.0-bin\apache-maven-3.9.0\rep\com\fasterxml\jackson\core\jackson-databind\2.13.5\jackson-databind-2.13.5.jar;D:\Program Files (x86)\apache-maven-3.9.0-bin\apache-maven-3.9.0\rep\com\fasterxml\jackson\core\jackson-annotations\2.13.5\jackson-annotations-2.13.5.jar;D:\Program Files (x86)\apache-maven-3.9.0-bin\apache-maven-3.9.0\rep\com\fasterxml\jackson\core\jackson-core\2.13.5\jackson-core-2.13.5.jar;D:\Program Files (x86)\apache-maven-3.9.0-bin\apache-maven-3.9.0\rep\com\fasterxml\jackson\datatype\jackson-datatype-jdk8\2.13.5\jackson-datatype-jdk8-2.13.5.jar;D:\Program Files (x86)\apache-maven-3.9.0-bin\apache-maven-3.9.0\rep\com\fasterxml\jackson\datatype\jackson-datatype-jsr310\2.13.5\jackson-datatype-jsr310-2.13.5.jar;D:\Program Files (x86)\apache-maven-3.9.0-bin\apache-maven-3.9.0\rep\com\fasterxml\jackson\module\jackson-module-parameter-names\2.13.5\jackson-module-parameter-names-2.13.5.jar;D:\Program Files (x86)\apache-maven-3.9.0-bin\apache-maven-3.9.0\rep\org\springframework\boot\spring-boot-starter-tomcat\2.7.12\spring-boot-starter-tomcat-2.7.12.jar;D:\Program Files (x86)\apache-maven-3.9.0-bin\apache-maven-3.9.0\rep\org\apache\tomcat\embed\tomcat-embed-core\9.0.75\tomcat-embed-core-9.0.75.jar;D:\Program Files (x86)\apache-maven-3.9.0-bin\apache-maven-3.9.0\rep\org\apache\tomcat\embed\tomcat-embed-el\9.0.75\tomcat-embed-el-9.0.75.jar;D:\Program Files (x86)\apache-maven-3.9.0-bin\apache-maven-3.9.0\rep\org\apache\tomcat\embed\tomcat-embed-websocket\9.0.75\tomcat-embed-websocket-9.0.75.jar;D:\Program Files (x86)\apache-maven-3.9.0-bin\apache-maven-3.9.0\rep\org\springframework\spring-web\5.3.27\spring-web-5.3.27.jar;D:\Program Files (x86)\apache-maven-3.9.0-bin\apache-maven-3.9.0\rep\org\springframework\spring-beans\5.3.27\spring-beans-5.3.27.jar;D:\Program Files (x86)\apache-maven-3.9.0-bin\apache-maven-3.9.0\rep\org\springframework\spring-webmvc\5.3.27\spring-webmvc-5.3.27.jar;D:\Program Files (x86)\apache-maven-3.9.0-bin\apache-maven-3.9.0\rep\org\springframework\spring-aop\5.3.27\spring-aop-5.3.27.jar;D:\Program Files (x86)\apache-maven-3.9.0-bin\apache-maven-3.9.0\rep\org\springframework\spring-context\5.3.27\spring-context-5.3.27.jar;D:\Program Files (x86)\apache-maven-3.9.0-bin\apache-maven-3.9.0\rep\org\springframework\spring-expression\5.3.27\spring-expression-5.3.27.jar;D:\Program Files (x86)\apache-maven-3.9.0-bin\apache-maven-3.9.0\rep\org\springframework\boot\spring-boot-configuration-processor\2.7.12\spring-boot-configuration-processor-2.7.12.jar;D:\Program Files (x86)\apache-maven-3.9.0-bin\apache-maven-3.9.0\rep\org\projectlombok\lombok\1.18.26\lombok-1.18.26.jar;D:\Program Files (x86)\apache-maven-3.9.0-bin\apache-maven-3.9.0\rep\org\springframework\boot\spring-boot-starter-test\2.7.12\spring-boot-starter-test-2.7.12.jar;D:\Program Files (x86)\apache-maven-3.9.0-bin\apache-maven-3.9.0\rep\org\springframework\boot\spring-boot-test\2.7.12\spring-boot-test-2.7.12.jar;D:\Program Files (x86)\apache-maven-3.9.0-bin\apache-maven-3.9.0\rep\org\springframework\boot\spring-boot-test-autoconfigure\2.7.12\spring-boot-test-autoconfigure-2.7.12.jar;D:\Program Files (x86)\apache-maven-3.9.0-bin\apache-maven-3.9.0\rep\com\jayway\jsonpath\json-path\2.7.0\json-path-2.7.0.jar;D:\Program Files (x86)\apache-maven-3.9.0-bin\apache-maven-3.9.0\rep\net\minidev\json-smart\2.4.11\json-smart-2.4.11.jar;D:\Program Files (x86)\apache-maven-3.9.0-bin\apache-maven-3.9.0\rep\net\minidev\accessors-smart\2.4.11\accessors-smart-2.4.11.jar;D:\Program Files (x86)\apache-maven-3.9.0-bin\apache-maven-3.9.0\rep\org\ow2\asm\asm\9.3\asm-9.3.jar;D:\Program Files (x86)\apache-maven-3.9.0-bin\apache-maven-3.9.0\rep\jakarta\xml\bind\jakarta.xml.bind-api\2.3.3\jakarta.xml.bind-api-2.3.3.jar;D:\Program Files (x86)\apache-maven-3.9.0-bin\apache-maven-3.9.0\rep\jakarta\activation\jakarta.activation-api\1.2.2\jakarta.activation-api-1.2.2.jar;D:\Program Files (x86)\apache-maven-3.9.0-bin\apache-maven-3.9.0\rep\org\assertj\assertj-core\3.22.0\assertj-core-3.22.0.jar;D:\Program Files (x86)\apache-maven-3.9.0-bin\apache-maven-3.9.0\rep\org\hamcrest\hamcrest\2.2\hamcrest-2.2.jar;D:\Program Files (x86)\apache-maven-3.9.0-bin\apache-maven-3.9.0\rep\org\junit\jupiter\junit-jupiter\5.8.2\junit-jupiter-5.8.2.jar;D:\Program Files (x86)\apache-maven-3.9.0-bin\apache-maven-3.9.0\rep\org\junit\jupiter\junit-jupiter-api\5.8.2\junit-jupiter-api-5.8.2.jar;D:\Program Files (x86)\apache-maven-3.9.0-bin\apache-maven-3.9.0\rep\org\opentest4j\opentest4j\1.2.0\opentest4j-1.2.0.jar;D:\Program Files (x86)\apache-maven-3.9.0-bin\apache-maven-3.9.0\rep\org\junit\platform\junit-platform-commons\1.8.2\junit-platform-commons-1.8.2.jar;D:\Program Files (x86)\apache-maven-3.9.0-bin\apache-maven-3.9.0\rep\org\apiguardian\apiguardian-api\1.1.2\apiguardian-api-1.1.2.jar;D:\Program Files (x86)\apache-maven-3.9.0-bin\apache-maven-3.9.0\rep\org\junit\jupiter\junit-jupiter-params\5.8.2\junit-jupiter-params-5.8.2.jar;D:\Program Files (x86)\apache-maven-3.9.0-bin\apache-maven-3.9.0\rep\org\junit\jupiter\junit-jupiter-engine\5.8.2\junit-jupiter-engine-5.8.2.jar;D:\Program Files (x86)\apache-maven-3.9.0-bin\apache-maven-3.9.0\rep\org\junit\platform\junit-platform-engine\1.8.2\junit-platform-engine-1.8.2.jar;D:\Program Files (x86)\apache-maven-3.9.0-bin\apache-maven-3.9.0\rep\org\mockito\mockito-core\4.5.1\mockito-core-4.5.1.jar;D:\Program Files (x86)\apache-maven-3.9.0-bin\apache-maven-3.9.0\rep\net\bytebuddy\byte-buddy\1.12.23\byte-buddy-1.12.23.jar;D:\Program Files (x86)\apache-maven-3.9.0-bin\apache-maven-3.9.0\rep\net\bytebuddy\byte-buddy-agent\1.12.23\byte-buddy-agent-1.12.23.jar;D:\Program Files (x86)\apache-maven-3.9.0-bin\apache-maven-3.9.0\rep\org\objenesis\objenesis\3.2\objenesis-3.2.jar;D:\Program Files (x86)\apache-maven-3.9.0-bin\apache-maven-3.9.0\rep\org\mockito\mockito-junit-jupiter\4.5.1\mockito-junit-jupiter-4.5.1.jar;D:\Program Files (x86)\apache-maven-3.9.0-bin\apache-maven-3.9.0\rep\org\skyscreamer\jsonassert\1.5.1\jsonassert-1.5.1.jar;D:\Program Files (x86)\apache-maven-3.9.0-bin\apache-maven-3.9.0\rep\com\vaadin\external\google\android-json\0.0.20131108.vaadin1\android-json-0.0.20131108.vaadin1.jar;D:\Program Files (x86)\apache-maven-3.9.0-bin\apache-maven-3.9.0\rep\org\springframework\spring-core\5.3.27\spring-core-5.3.27.jar;D:\Program Files (x86)\apache-maven-3.9.0-bin\apache-maven-3.9.0\rep\org\springframework\spring-jcl\5.3.27\spring-jcl-5.3.27.jar;D:\Program Files (x86)\apache-maven-3.9.0-bin\apache-maven-3.9.0\rep\org\springframework\spring-test\5.3.27\spring-test-5.3.27.jar;D:\Program Files (x86)\apache-maven-3.9.0-bin\apache-maven-3.9.0\rep\org\xmlunit\xmlunit-core\2.9.1\xmlunit-core-2.9.1.jar;D:\Program Files (x86)\apache-maven-3.9.0-bin\apache-maven-3.9.0\rep\com\baomidou\mybatis-plus-boot-starter\3.5.3.1\mybatis-plus-boot-starter-3.5.3.1.jar;D:\Program Files (x86)\apache-maven-3.9.0-bin\apache-maven-3.9.0\rep\com\baomidou\mybatis-plus\3.5.3.1\mybatis-plus-3.5.3.1.jar;D:\Program Files (x86)\apache-maven-3.9.0-bin\apache-maven-3.9.0\rep\com\baomidou\mybatis-plus-extension\3.5.3.1\mybatis-plus-extension-3.5.3.1.jar;D:\Program Files (x86)\apache-maven-3.9.0-bin\apache-maven-3.9.0\rep\com\baomidou\mybatis-plus-core\3.5.3.1\mybatis-plus-core-3.5.3.1.jar;D:\Program Files (x86)\apache-maven-3.9.0-bin\apache-maven-3.9.0\rep\com\baomidou\mybatis-plus-annotation\3.5.3.1\mybatis-plus-annotation-3.5.3.1.jar;D:\Program Files (x86)\apache-maven-3.9.0-bin\apache-maven-3.9.0\rep\com\github\jsqlparser\jsqlparser\4.4\jsqlparser-4.4.jar;D:\Program Files (x86)\apache-maven-3.9.0-bin\apache-maven-3.9.0\rep\org\mybatis\mybatis\3.5.10\mybatis-3.5.10.jar;D:\Program Files (x86)\apache-maven-3.9.0-bin\apache-maven-3.9.0\rep\org\mybatis\mybatis-spring\2.0.7\mybatis-spring-2.0.7.jar;D:\Program Files (x86)\apache-maven-3.9.0-bin\apache-maven-3.9.0\rep\org\springframework\boot\spring-boot-autoconfigure\2.7.12\spring-boot-autoconfigure-2.7.12.jar;D:\Program Files (x86)\apache-maven-3.9.0-bin\apache-maven-3.9.0\rep\org\springframework\boot\spring-boot-starter-jdbc\2.7.12\spring-boot-starter-jdbc-2.7.12.jar;D:\Program Files (x86)\apache-maven-3.9.0-bin\apache-maven-3.9.0\rep\com\zaxxer\HikariCP\4.0.3\HikariCP-4.0.3.jar;D:\Program Files (x86)\apache-maven-3.9.0-bin\apache-maven-3.9.0\rep\org\springframework\spring-jdbc\5.3.27\spring-jdbc-5.3.27.jar;D:\Program Files (x86)\apache-maven-3.9.0-bin\apache-maven-3.9.0\rep\org\springframework\spring-tx\5.3.27\spring-tx-5.3.27.jar;D:\Program Files (x86)\apache-maven-3.9.0-bin\apache-maven-3.9.0\rep\com\mysql\mysql-connector-j\8.0.32\mysql-connector-j-8.0.32.jar;D:\Program Files (x86)\apache-maven-3.9.0-bin\apache-maven-3.9.0\rep\com\alibaba\druid-spring-boot-starter\1.2.15\druid-spring-boot-starter-1.2.15.jar;D:\Program Files (x86)\apache-maven-3.9.0-bin\apache-maven-3.9.0\rep\com\alibaba\druid\1.2.15\druid-1.2.15.jar;D:\Program Files (x86)\apache-maven-3.9.0-bin\apache-maven-3.9.0\rep\org\slf4j\slf4j-api\1.7.36\slf4j-api-1.7.36.jar;D:\Program Files (x86)\apache-maven-3.9.0-bin\apache-maven-3.9.0\rep\com\github\xiaoymin\knife4j-spring-boot-starter\2.0.9\knife4j-spring-boot-starter-2.0.9.jar;D:\Program Files (x86)\apache-maven-3.9.0-bin\apache-maven-3.9.0\rep\com\github\xiaoymin\knife4j-spring-boot-autoconfigure\2.0.9\knife4j-spring-boot-autoconfigure-2.0.9.jar;D:\Program Files (x86)\apache-maven-3.9.0-bin\apache-maven-3.9.0\rep\com\github\xiaoymin\knife4j-spring\2.0.9\knife4j-spring-2.0.9.jar;D:\Program Files (x86)\apache-maven-3.9.0-bin\apache-maven-3.9.0\rep\com\github\xiaoymin\knife4j-annotations\2.0.9\knife4j-annotations-2.0.9.jar;D:\Program Files (x86)\apache-maven-3.9.0-bin\apache-maven-3.9.0\rep\com\github\xiaoymin\knife4j-core\2.0.9\knife4j-core-2.0.9.jar;D:\Program Files (x86)\apache-maven-3.9.0-bin\apache-maven-3.9.0\rep\org\javassist\javassist\3.25.0-GA\javassist-3.25.0-GA.jar;D:\Program Files (x86)\apache-maven-3.9.0-bin\apache-maven-3.9.0\rep\io\swagger\swagger-models\1.5.22\swagger-models-1.5.22.jar;D:\Program Files (x86)\apache-maven-3.9.0-bin\apache-maven-3.9.0\rep\io\swagger\swagger-annotations\1.5.22\swagger-annotations-1.5.22.jar;D:\Program Files (x86)\apache-maven-3.9.0-bin\apache-maven-3.9.0\rep\io\springfox\springfox-swagger2\2.10.5\springfox-swagger2-2.10.5.jar;D:\Program Files (x86)\apache-maven-3.9.0-bin\apache-maven-3.9.0\rep\io\springfox\springfox-spi\2.10.5\springfox-spi-2.10.5.jar;D:\Program Files (x86)\apache-maven-3.9.0-bin\apache-maven-3.9.0\rep\io\springfox\springfox-core\2.10.5\springfox-core-2.10.5.jar;D:\Program Files (x86)\apache-maven-3.9.0-bin\apache-maven-3.9.0\rep\io\springfox\springfox-schema\2.10.5\springfox-schema-2.10.5.jar;D:\Program Files (x86)\apache-maven-3.9.0-bin\apache-maven-3.9.0\rep\io\springfox\springfox-swagger-common\2.10.5\springfox-swagger-common-2.10.5.jar;D:\Program Files (x86)\apache-maven-3.9.0-bin\apache-maven-3.9.0\rep\io\springfox\springfox-spring-web\2.10.5\springfox-spring-web-2.10.5.jar;D:\Program Files (x86)\apache-maven-3.9.0-bin\apache-maven-3.9.0\rep\io\github\classgraph\classgraph\4.1.7\classgraph-4.1.7.jar;D:\Program Files (x86)\apache-maven-3.9.0-bin\apache-maven-3.9.0\rep\com\fasterxml\classmate\1.5.1\classmate-1.5.1.jar;D:\Program Files (x86)\apache-maven-3.9.0-bin\apache-maven-3.9.0\rep\org\springframework\plugin\spring-plugin-core\2.0.0.RELEASE\spring-plugin-core-2.0.0.RELEASE.jar;D:\Program Files (x86)\apache-maven-3.9.0-bin\apache-maven-3.9.0\rep\org\springframework\plugin\spring-plugin-metadata\2.0.0.RELEASE\spring-plugin-metadata-2.0.0.RELEASE.jar;D:\Program Files (x86)\apache-maven-3.9.0-bin\apache-maven-3.9.0\rep\org\mapstruct\mapstruct\1.3.1.Final\mapstruct-1.3.1.Final.jar;D:\Program Files (x86)\apache-maven-3.9.0-bin\apache-maven-3.9.0\rep\io\springfox\springfox-bean-validators\2.10.5\springfox-bean-validators-2.10.5.jar;D:\Program Files (x86)\apache-maven-3.9.0-bin\apache-maven-3.9.0\rep\io\springfox\springfox-spring-webmvc\2.10.5\springfox-spring-webmvc-2.10.5.jar;D:\Program Files (x86)\apache-maven-3.9.0-bin\apache-maven-3.9.0\rep\com\github\xiaoymin\knife4j-spring-ui\2.0.9\knife4j-spring-ui-2.0.9.jar;D:\Program Files (x86)\apache-maven-3.9.0-bin\apache-maven-3.9.0\rep\cn\hutool\hutool-crypto\5.8.16\hutool-crypto-5.8.16.jar;D:\Program Files (x86)\apache-maven-3.9.0-bin\apache-maven-3.9.0\rep\org\apache\httpcomponents\httpclient\4.2.1\httpclient-4.2.1.jar;D:\Program Files (x86)\apache-maven-3.9.0-bin\apache-maven-3.9.0\rep\commons-codec\commons-codec\1.15\commons-codec-1.15.jar;D:\Program Files (x86)\apache-maven-3.9.0-bin\apache-maven-3.9.0\rep\org\apache\httpcomponents\httpcore\4.2.1\httpcore-4.2.1.jar;D:\Program Files (x86)\apache-maven-3.9.0-bin\apache-maven-3.9.0\rep\commons-lang\commons-lang\2.6\commons-lang-2.6.jar;D:\Program Files (x86)\apache-maven-3.9.0-bin\apache-maven-3.9.0\rep\cn\hutool\hutool-core\5.8.12\hutool-core-5.8.12.jar;D:\Program Files (x86)\apache-maven-3.9.0-bin\apache-maven-3.9.0\rep\cn\hutool\hutool-http\5.8.12\hutool-http-5.8.12.jar;D:\Program Files (x86)\apache-maven-3.9.0-bin\apache-maven-3.9.0\rep\cn\hutool\hutool-json\5.8.19\hutool-json-5.8.19.jar;"/>
    <property name="java.vm.vendor" value="Oracle Corporation"/>
    <property name="sun.arch.data.model" value="64"/>
    <property name="user.variant" value=""/>
    <property name="java.vendor.url" value="http://java.oracle.com/"/>
    <property name="user.timezone" value="Asia/Shanghai"/>
    <property name="java.vm.specification.version" value="1.8"/>
    <property name="os.name" value="Windows 10"/>
    <property name="user.country" value="CN"/>
    <property name="sun.java.launcher" value="SUN_STANDARD"/>
    <property name="sun.boot.library.path" value="D:\Program Files\Java\jdk1.8.0_221\jre\bin"/>
    <property name="sun.java.command" value="C:\Users\ZHANGD~1\AppData\Local\Temp\surefire3579782359481650485\surefirebooter7829528839434946982.jar C:\Users\zhangdengzhen\AppData\Local\Temp\surefire3579782359481650485 2023-06-08T09-28-48_585-jvmRun1 surefire1562556217404039026tmp surefire_01954125519993090648tmp"/>
    <property name="surefire.test.class.path" value="D:\Program Files\uniapp\project\unibook_back\target\test-classes;D:\Program Files\uniapp\project\unibook_back\target\classes;D:\Program Files (x86)\apache-maven-3.9.0-bin\apache-maven-3.9.0\rep\org\springframework\boot\spring-boot-starter-web\2.7.12\spring-boot-starter-web-2.7.12.jar;D:\Program Files (x86)\apache-maven-3.9.0-bin\apache-maven-3.9.0\rep\org\springframework\boot\spring-boot-starter\2.7.12\spring-boot-starter-2.7.12.jar;D:\Program Files (x86)\apache-maven-3.9.0-bin\apache-maven-3.9.0\rep\org\springframework\boot\spring-boot\2.7.12\spring-boot-2.7.12.jar;D:\Program Files (x86)\apache-maven-3.9.0-bin\apache-maven-3.9.0\rep\org\springframework\boot\spring-boot-starter-logging\2.7.12\spring-boot-starter-logging-2.7.12.jar;D:\Program Files (x86)\apache-maven-3.9.0-bin\apache-maven-3.9.0\rep\ch\qos\logback\logback-classic\1.2.12\logback-classic-1.2.12.jar;D:\Program Files (x86)\apache-maven-3.9.0-bin\apache-maven-3.9.0\rep\ch\qos\logback\logback-core\1.2.12\logback-core-1.2.12.jar;D:\Program Files (x86)\apache-maven-3.9.0-bin\apache-maven-3.9.0\rep\org\apache\logging\log4j\log4j-to-slf4j\2.17.2\log4j-to-slf4j-2.17.2.jar;D:\Program Files (x86)\apache-maven-3.9.0-bin\apache-maven-3.9.0\rep\org\apache\logging\log4j\log4j-api\2.17.2\log4j-api-2.17.2.jar;D:\Program Files (x86)\apache-maven-3.9.0-bin\apache-maven-3.9.0\rep\org\slf4j\jul-to-slf4j\1.7.36\jul-to-slf4j-1.7.36.jar;D:\Program Files (x86)\apache-maven-3.9.0-bin\apache-maven-3.9.0\rep\jakarta\annotation\jakarta.annotation-api\1.3.5\jakarta.annotation-api-1.3.5.jar;D:\Program Files (x86)\apache-maven-3.9.0-bin\apache-maven-3.9.0\rep\org\yaml\snakeyaml\1.30\snakeyaml-1.30.jar;D:\Program Files (x86)\apache-maven-3.9.0-bin\apache-maven-3.9.0\rep\org\springframework\boot\spring-boot-starter-json\2.7.12\spring-boot-starter-json-2.7.12.jar;D:\Program Files (x86)\apache-maven-3.9.0-bin\apache-maven-3.9.0\rep\com\fasterxml\jackson\core\jackson-databind\2.13.5\jackson-databind-2.13.5.jar;D:\Program Files (x86)\apache-maven-3.9.0-bin\apache-maven-3.9.0\rep\com\fasterxml\jackson\core\jackson-annotations\2.13.5\jackson-annotations-2.13.5.jar;D:\Program Files (x86)\apache-maven-3.9.0-bin\apache-maven-3.9.0\rep\com\fasterxml\jackson\core\jackson-core\2.13.5\jackson-core-2.13.5.jar;D:\Program Files (x86)\apache-maven-3.9.0-bin\apache-maven-3.9.0\rep\com\fasterxml\jackson\datatype\jackson-datatype-jdk8\2.13.5\jackson-datatype-jdk8-2.13.5.jar;D:\Program Files (x86)\apache-maven-3.9.0-bin\apache-maven-3.9.0\rep\com\fasterxml\jackson\datatype\jackson-datatype-jsr310\2.13.5\jackson-datatype-jsr310-2.13.5.jar;D:\Program Files (x86)\apache-maven-3.9.0-bin\apache-maven-3.9.0\rep\com\fasterxml\jackson\module\jackson-module-parameter-names\2.13.5\jackson-module-parameter-names-2.13.5.jar;D:\Program Files (x86)\apache-maven-3.9.0-bin\apache-maven-3.9.0\rep\org\springframework\boot\spring-boot-starter-tomcat\2.7.12\spring-boot-starter-tomcat-2.7.12.jar;D:\Program Files (x86)\apache-maven-3.9.0-bin\apache-maven-3.9.0\rep\org\apache\tomcat\embed\tomcat-embed-core\9.0.75\tomcat-embed-core-9.0.75.jar;D:\Program Files (x86)\apache-maven-3.9.0-bin\apache-maven-3.9.0\rep\org\apache\tomcat\embed\tomcat-embed-el\9.0.75\tomcat-embed-el-9.0.75.jar;D:\Program Files (x86)\apache-maven-3.9.0-bin\apache-maven-3.9.0\rep\org\apache\tomcat\embed\tomcat-embed-websocket\9.0.75\tomcat-embed-websocket-9.0.75.jar;D:\Program Files (x86)\apache-maven-3.9.0-bin\apache-maven-3.9.0\rep\org\springframework\spring-web\5.3.27\spring-web-5.3.27.jar;D:\Program Files (x86)\apache-maven-3.9.0-bin\apache-maven-3.9.0\rep\org\springframework\spring-beans\5.3.27\spring-beans-5.3.27.jar;D:\Program Files (x86)\apache-maven-3.9.0-bin\apache-maven-3.9.0\rep\org\springframework\spring-webmvc\5.3.27\spring-webmvc-5.3.27.jar;D:\Program Files (x86)\apache-maven-3.9.0-bin\apache-maven-3.9.0\rep\org\springframework\spring-aop\5.3.27\spring-aop-5.3.27.jar;D:\Program Files (x86)\apache-maven-3.9.0-bin\apache-maven-3.9.0\rep\org\springframework\spring-context\5.3.27\spring-context-5.3.27.jar;D:\Program Files (x86)\apache-maven-3.9.0-bin\apache-maven-3.9.0\rep\org\springframework\spring-expression\5.3.27\spring-expression-5.3.27.jar;D:\Program Files (x86)\apache-maven-3.9.0-bin\apache-maven-3.9.0\rep\org\springframework\boot\spring-boot-configuration-processor\2.7.12\spring-boot-configuration-processor-2.7.12.jar;D:\Program Files (x86)\apache-maven-3.9.0-bin\apache-maven-3.9.0\rep\org\projectlombok\lombok\1.18.26\lombok-1.18.26.jar;D:\Program Files (x86)\apache-maven-3.9.0-bin\apache-maven-3.9.0\rep\org\springframework\boot\spring-boot-starter-test\2.7.12\spring-boot-starter-test-2.7.12.jar;D:\Program Files (x86)\apache-maven-3.9.0-bin\apache-maven-3.9.0\rep\org\springframework\boot\spring-boot-test\2.7.12\spring-boot-test-2.7.12.jar;D:\Program Files (x86)\apache-maven-3.9.0-bin\apache-maven-3.9.0\rep\org\springframework\boot\spring-boot-test-autoconfigure\2.7.12\spring-boot-test-autoconfigure-2.7.12.jar;D:\Program Files (x86)\apache-maven-3.9.0-bin\apache-maven-3.9.0\rep\com\jayway\jsonpath\json-path\2.7.0\json-path-2.7.0.jar;D:\Program Files (x86)\apache-maven-3.9.0-bin\apache-maven-3.9.0\rep\net\minidev\json-smart\2.4.11\json-smart-2.4.11.jar;D:\Program Files (x86)\apache-maven-3.9.0-bin\apache-maven-3.9.0\rep\net\minidev\accessors-smart\2.4.11\accessors-smart-2.4.11.jar;D:\Program Files (x86)\apache-maven-3.9.0-bin\apache-maven-3.9.0\rep\org\ow2\asm\asm\9.3\asm-9.3.jar;D:\Program Files (x86)\apache-maven-3.9.0-bin\apache-maven-3.9.0\rep\jakarta\xml\bind\jakarta.xml.bind-api\2.3.3\jakarta.xml.bind-api-2.3.3.jar;D:\Program Files (x86)\apache-maven-3.9.0-bin\apache-maven-3.9.0\rep\jakarta\activation\jakarta.activation-api\1.2.2\jakarta.activation-api-1.2.2.jar;D:\Program Files (x86)\apache-maven-3.9.0-bin\apache-maven-3.9.0\rep\org\assertj\assertj-core\3.22.0\assertj-core-3.22.0.jar;D:\Program Files (x86)\apache-maven-3.9.0-bin\apache-maven-3.9.0\rep\org\hamcrest\hamcrest\2.2\hamcrest-2.2.jar;D:\Program Files (x86)\apache-maven-3.9.0-bin\apache-maven-3.9.0\rep\org\junit\jupiter\junit-jupiter\5.8.2\junit-jupiter-5.8.2.jar;D:\Program Files (x86)\apache-maven-3.9.0-bin\apache-maven-3.9.0\rep\org\junit\jupiter\junit-jupiter-api\5.8.2\junit-jupiter-api-5.8.2.jar;D:\Program Files (x86)\apache-maven-3.9.0-bin\apache-maven-3.9.0\rep\org\opentest4j\opentest4j\1.2.0\opentest4j-1.2.0.jar;D:\Program Files (x86)\apache-maven-3.9.0-bin\apache-maven-3.9.0\rep\org\junit\platform\junit-platform-commons\1.8.2\junit-platform-commons-1.8.2.jar;D:\Program Files (x86)\apache-maven-3.9.0-bin\apache-maven-3.9.0\rep\org\apiguardian\apiguardian-api\1.1.2\apiguardian-api-1.1.2.jar;D:\Program Files (x86)\apache-maven-3.9.0-bin\apache-maven-3.9.0\rep\org\junit\jupiter\junit-jupiter-params\5.8.2\junit-jupiter-params-5.8.2.jar;D:\Program Files (x86)\apache-maven-3.9.0-bin\apache-maven-3.9.0\rep\org\junit\jupiter\junit-jupiter-engine\5.8.2\junit-jupiter-engine-5.8.2.jar;D:\Program Files (x86)\apache-maven-3.9.0-bin\apache-maven-3.9.0\rep\org\junit\platform\junit-platform-engine\1.8.2\junit-platform-engine-1.8.2.jar;D:\Program Files (x86)\apache-maven-3.9.0-bin\apache-maven-3.9.0\rep\org\mockito\mockito-core\4.5.1\mockito-core-4.5.1.jar;D:\Program Files (x86)\apache-maven-3.9.0-bin\apache-maven-3.9.0\rep\net\bytebuddy\byte-buddy\1.12.23\byte-buddy-1.12.23.jar;D:\Program Files (x86)\apache-maven-3.9.0-bin\apache-maven-3.9.0\rep\net\bytebuddy\byte-buddy-agent\1.12.23\byte-buddy-agent-1.12.23.jar;D:\Program Files (x86)\apache-maven-3.9.0-bin\apache-maven-3.9.0\rep\org\objenesis\objenesis\3.2\objenesis-3.2.jar;D:\Program Files (x86)\apache-maven-3.9.0-bin\apache-maven-3.9.0\rep\org\mockito\mockito-junit-jupiter\4.5.1\mockito-junit-jupiter-4.5.1.jar;D:\Program Files (x86)\apache-maven-3.9.0-bin\apache-maven-3.9.0\rep\org\skyscreamer\jsonassert\1.5.1\jsonassert-1.5.1.jar;D:\Program Files (x86)\apache-maven-3.9.0-bin\apache-maven-3.9.0\rep\com\vaadin\external\google\android-json\0.0.20131108.vaadin1\android-json-0.0.20131108.vaadin1.jar;D:\Program Files (x86)\apache-maven-3.9.0-bin\apache-maven-3.9.0\rep\org\springframework\spring-core\5.3.27\spring-core-5.3.27.jar;D:\Program Files (x86)\apache-maven-3.9.0-bin\apache-maven-3.9.0\rep\org\springframework\spring-jcl\5.3.27\spring-jcl-5.3.27.jar;D:\Program Files (x86)\apache-maven-3.9.0-bin\apache-maven-3.9.0\rep\org\springframework\spring-test\5.3.27\spring-test-5.3.27.jar;D:\Program Files (x86)\apache-maven-3.9.0-bin\apache-maven-3.9.0\rep\org\xmlunit\xmlunit-core\2.9.1\xmlunit-core-2.9.1.jar;D:\Program Files (x86)\apache-maven-3.9.0-bin\apache-maven-3.9.0\rep\com\baomidou\mybatis-plus-boot-starter\3.5.3.1\mybatis-plus-boot-starter-3.5.3.1.jar;D:\Program Files (x86)\apache-maven-3.9.0-bin\apache-maven-3.9.0\rep\com\baomidou\mybatis-plus\3.5.3.1\mybatis-plus-3.5.3.1.jar;D:\Program Files (x86)\apache-maven-3.9.0-bin\apache-maven-3.9.0\rep\com\baomidou\mybatis-plus-extension\3.5.3.1\mybatis-plus-extension-3.5.3.1.jar;D:\Program Files (x86)\apache-maven-3.9.0-bin\apache-maven-3.9.0\rep\com\baomidou\mybatis-plus-core\3.5.3.1\mybatis-plus-core-3.5.3.1.jar;D:\Program Files (x86)\apache-maven-3.9.0-bin\apache-maven-3.9.0\rep\com\baomidou\mybatis-plus-annotation\3.5.3.1\mybatis-plus-annotation-3.5.3.1.jar;D:\Program Files (x86)\apache-maven-3.9.0-bin\apache-maven-3.9.0\rep\com\github\jsqlparser\jsqlparser\4.4\jsqlparser-4.4.jar;D:\Program Files (x86)\apache-maven-3.9.0-bin\apache-maven-3.9.0\rep\org\mybatis\mybatis\3.5.10\mybatis-3.5.10.jar;D:\Program Files (x86)\apache-maven-3.9.0-bin\apache-maven-3.9.0\rep\org\mybatis\mybatis-spring\2.0.7\mybatis-spring-2.0.7.jar;D:\Program Files (x86)\apache-maven-3.9.0-bin\apache-maven-3.9.0\rep\org\springframework\boot\spring-boot-autoconfigure\2.7.12\spring-boot-autoconfigure-2.7.12.jar;D:\Program Files (x86)\apache-maven-3.9.0-bin\apache-maven-3.9.0\rep\org\springframework\boot\spring-boot-starter-jdbc\2.7.12\spring-boot-starter-jdbc-2.7.12.jar;D:\Program Files (x86)\apache-maven-3.9.0-bin\apache-maven-3.9.0\rep\com\zaxxer\HikariCP\4.0.3\HikariCP-4.0.3.jar;D:\Program Files (x86)\apache-maven-3.9.0-bin\apache-maven-3.9.0\rep\org\springframework\spring-jdbc\5.3.27\spring-jdbc-5.3.27.jar;D:\Program Files (x86)\apache-maven-3.9.0-bin\apache-maven-3.9.0\rep\org\springframework\spring-tx\5.3.27\spring-tx-5.3.27.jar;D:\Program Files (x86)\apache-maven-3.9.0-bin\apache-maven-3.9.0\rep\com\mysql\mysql-connector-j\8.0.32\mysql-connector-j-8.0.32.jar;D:\Program Files (x86)\apache-maven-3.9.0-bin\apache-maven-3.9.0\rep\com\alibaba\druid-spring-boot-starter\1.2.15\druid-spring-boot-starter-1.2.15.jar;D:\Program Files (x86)\apache-maven-3.9.0-bin\apache-maven-3.9.0\rep\com\alibaba\druid\1.2.15\druid-1.2.15.jar;D:\Program Files (x86)\apache-maven-3.9.0-bin\apache-maven-3.9.0\rep\org\slf4j\slf4j-api\1.7.36\slf4j-api-1.7.36.jar;D:\Program Files (x86)\apache-maven-3.9.0-bin\apache-maven-3.9.0\rep\com\github\xiaoymin\knife4j-spring-boot-starter\2.0.9\knife4j-spring-boot-starter-2.0.9.jar;D:\Program Files (x86)\apache-maven-3.9.0-bin\apache-maven-3.9.0\rep\com\github\xiaoymin\knife4j-spring-boot-autoconfigure\2.0.9\knife4j-spring-boot-autoconfigure-2.0.9.jar;D:\Program Files (x86)\apache-maven-3.9.0-bin\apache-maven-3.9.0\rep\com\github\xiaoymin\knife4j-spring\2.0.9\knife4j-spring-2.0.9.jar;D:\Program Files (x86)\apache-maven-3.9.0-bin\apache-maven-3.9.0\rep\com\github\xiaoymin\knife4j-annotations\2.0.9\knife4j-annotations-2.0.9.jar;D:\Program Files (x86)\apache-maven-3.9.0-bin\apache-maven-3.9.0\rep\com\github\xiaoymin\knife4j-core\2.0.9\knife4j-core-2.0.9.jar;D:\Program Files (x86)\apache-maven-3.9.0-bin\apache-maven-3.9.0\rep\org\javassist\javassist\3.25.0-GA\javassist-3.25.0-GA.jar;D:\Program Files (x86)\apache-maven-3.9.0-bin\apache-maven-3.9.0\rep\io\swagger\swagger-models\1.5.22\swagger-models-1.5.22.jar;D:\Program Files (x86)\apache-maven-3.9.0-bin\apache-maven-3.9.0\rep\io\swagger\swagger-annotations\1.5.22\swagger-annotations-1.5.22.jar;D:\Program Files (x86)\apache-maven-3.9.0-bin\apache-maven-3.9.0\rep\io\springfox\springfox-swagger2\2.10.5\springfox-swagger2-2.10.5.jar;D:\Program Files (x86)\apache-maven-3.9.0-bin\apache-maven-3.9.0\rep\io\springfox\springfox-spi\2.10.5\springfox-spi-2.10.5.jar;D:\Program Files (x86)\apache-maven-3.9.0-bin\apache-maven-3.9.0\rep\io\springfox\springfox-core\2.10.5\springfox-core-2.10.5.jar;D:\Program Files (x86)\apache-maven-3.9.0-bin\apache-maven-3.9.0\rep\io\springfox\springfox-schema\2.10.5\springfox-schema-2.10.5.jar;D:\Program Files (x86)\apache-maven-3.9.0-bin\apache-maven-3.9.0\rep\io\springfox\springfox-swagger-common\2.10.5\springfox-swagger-common-2.10.5.jar;D:\Program Files (x86)\apache-maven-3.9.0-bin\apache-maven-3.9.0\rep\io\springfox\springfox-spring-web\2.10.5\springfox-spring-web-2.10.5.jar;D:\Program Files (x86)\apache-maven-3.9.0-bin\apache-maven-3.9.0\rep\io\github\classgraph\classgraph\4.1.7\classgraph-4.1.7.jar;D:\Program Files (x86)\apache-maven-3.9.0-bin\apache-maven-3.9.0\rep\com\fasterxml\classmate\1.5.1\classmate-1.5.1.jar;D:\Program Files (x86)\apache-maven-3.9.0-bin\apache-maven-3.9.0\rep\org\springframework\plugin\spring-plugin-core\2.0.0.RELEASE\spring-plugin-core-2.0.0.RELEASE.jar;D:\Program Files (x86)\apache-maven-3.9.0-bin\apache-maven-3.9.0\rep\org\springframework\plugin\spring-plugin-metadata\2.0.0.RELEASE\spring-plugin-metadata-2.0.0.RELEASE.jar;D:\Program Files (x86)\apache-maven-3.9.0-bin\apache-maven-3.9.0\rep\org\mapstruct\mapstruct\1.3.1.Final\mapstruct-1.3.1.Final.jar;D:\Program Files (x86)\apache-maven-3.9.0-bin\apache-maven-3.9.0\rep\io\springfox\springfox-bean-validators\2.10.5\springfox-bean-validators-2.10.5.jar;D:\Program Files (x86)\apache-maven-3.9.0-bin\apache-maven-3.9.0\rep\io\springfox\springfox-spring-webmvc\2.10.5\springfox-spring-webmvc-2.10.5.jar;D:\Program Files (x86)\apache-maven-3.9.0-bin\apache-maven-3.9.0\rep\com\github\xiaoymin\knife4j-spring-ui\2.0.9\knife4j-spring-ui-2.0.9.jar;D:\Program Files (x86)\apache-maven-3.9.0-bin\apache-maven-3.9.0\rep\cn\hutool\hutool-crypto\5.8.16\hutool-crypto-5.8.16.jar;D:\Program Files (x86)\apache-maven-3.9.0-bin\apache-maven-3.9.0\rep\org\apache\httpcomponents\httpclient\4.2.1\httpclient-4.2.1.jar;D:\Program Files (x86)\apache-maven-3.9.0-bin\apache-maven-3.9.0\rep\commons-codec\commons-codec\1.15\commons-codec-1.15.jar;D:\Program Files (x86)\apache-maven-3.9.0-bin\apache-maven-3.9.0\rep\org\apache\httpcomponents\httpcore\4.2.1\httpcore-4.2.1.jar;D:\Program Files (x86)\apache-maven-3.9.0-bin\apache-maven-3.9.0\rep\commons-lang\commons-lang\2.6\commons-lang-2.6.jar;D:\Program Files (x86)\apache-maven-3.9.0-bin\apache-maven-3.9.0\rep\cn\hutool\hutool-core\5.8.12\hutool-core-5.8.12.jar;D:\Program Files (x86)\apache-maven-3.9.0-bin\apache-maven-3.9.0\rep\cn\hutool\hutool-http\5.8.12\hutool-http-5.8.12.jar;D:\Program Files (x86)\apache-maven-3.9.0-bin\apache-maven-3.9.0\rep\cn\hutool\hutool-json\5.8.19\hutool-json-5.8.19.jar;"/>
    <property name="sun.cpu.endian" value="little"/>
    <property name="user.home" value="C:\Users\zhangdengzhen"/>
    <property name="user.language" value="zh"/>
    <property name="java.specification.vendor" value="Oracle Corporation"/>
    <property name="java.home" value="D:\Program Files\Java\jdk1.8.0_221\jre"/>
    <property name="basedir" value="D:\Program Files\uniapp\project\unibook_back"/>
    <property name="file.separator" value="\"/>
    <property name="line.separator" value="&#10;"/>
    <property name="java.vm.specification.vendor" value="Oracle Corporation"/>
    <property name="java.specification.name" value="Java Platform API Specification"/>
    <property name="java.awt.graphicsenv" value="sun.awt.Win32GraphicsEnvironment"/>
    <property name="surefire.real.class.path" value="C:\Users\ZHANGD~1\AppData\Local\Temp\surefire3579782359481650485\surefirebooter7829528839434946982.jar"/>
    <property name="sun.boot.class.path" value="D:\Program Files\Java\jdk1.8.0_221\jre\lib\resources.jar;D:\Program Files\Java\jdk1.8.0_221\jre\lib\rt.jar;D:\Program Files\Java\jdk1.8.0_221\jre\lib\sunrsasign.jar;D:\Program Files\Java\jdk1.8.0_221\jre\lib\jsse.jar;D:\Program Files\Java\jdk1.8.0_221\jre\lib\jce.jar;D:\Program Files\Java\jdk1.8.0_221\jre\lib\charsets.jar;D:\Program Files\Java\jdk1.8.0_221\jre\lib\jfr.jar;D:\Program Files\Java\jdk1.8.0_221\jre\classes"/>
    <property name="user.script" value=""/>
    <property name="sun.management.compiler" value="HotSpot 64-Bit Tiered Compilers"/>
    <property name="java.runtime.version" value="1.8.0_221-b11"/>
    <property name="user.name" value="zhangdengzhen"/>
    <property name="path.separator" value=";"/>
    <property name="os.version" value="10.0"/>
    <property name="java.endorsed.dirs" value="D:\Program Files\Java\jdk1.8.0_221\jre\lib\endorsed"/>
    <property name="java.runtime.name" value="Java(TM) SE Runtime Environment"/>
    <property name="file.encoding" value="GBK"/>
    <property name="java.vm.name" value="Java HotSpot(TM) 64-Bit Server VM"/>
    <property name="localRepository" value="D:\Program Files (x86)\apache-maven-3.9.0-bin\apache-maven-3.9.0\rep"/>
    <property name="java.vendor.url.bug" value="http://bugreport.sun.com/bugreport/"/>
    <property name="java.io.tmpdir" value="C:\Users\ZHANGD~1\AppData\Local\Temp\"/>
    <property name="idea.version" value="2022.1.3"/>
    <property name="java.version" value="1.8.0_221"/>
    <property name="user.dir" value="D:\Program Files\uniapp\project\unibook_back"/>
    <property name="os.arch" value="amd64"/>
    <property name="java.vm.specification.name" value="Java Virtual Machine Specification"/>
    <property name="java.awt.printerjob" value="sun.awt.windows.WPrinterJob"/>
    <property name="sun.os.patch.level" value=""/>
    <property name="java.library.path" value="D:\Program Files\Java\jdk1.8.0_221\jre\bin;C:\WINDOWS\Sun\Java\bin;C:\WINDOWS\system32;C:\WINDOWS;C:\Program Files\NVIDIA GPU Computing Toolkit\CUDA\v11.6\bin;C:\Program Files\NVIDIA GPU Computing Toolkit\CUDA\v11.6\libnvvp;C:\WINDOWS\system32;C:\WINDOWS;C:\WINDOWS\System32\Wbem;C:\WINDOWS\System32\WindowsPowerShell\v1.0\;C:\WINDOWS\System32\OpenSSH\;D:\Pro;ram Files\nodejs\;D:\Program Files\Git\cmd;D:\Program Files\nodejs;D:\node\node_global;D:\node\node_cache;D:\node\node_global\node_modules;D:\ProgramData\Anaconda3;D:\ProgramData\Anaconda3\Scripts;C:\Program Files\NVIDIA Corporation\Nsight Compute 2022.1.0\;C:\Program Files (x86)\NVIDIA Corporation\PhysX\Common;C:\Program Files\NVIDIA Corporation\NVIDIA NvDLISR;C:\Program Files\dotnet\;D:\Program Files (x86)\Tencent\微信web开发者工具\dll;.;D:\Program Files\jdk8\bin;D:\Program Files\jdk8\jre\bin;D:\Program Files\JetBrains\PyCharm 2022.1.3\bin;;D:\Program Files (x86)\vscode\Microsoft VS Code\bin;D:\Program Files\Fiddler;."/>
    <property name="java.vm.info" value="mixed mode"/>
    <property name="java.vendor" value="Oracle Corporation"/>
    <property name="java.vm.version" value="25.221-b11"/>
    <property name="java.ext.dirs" value="D:\Program Files\Java\jdk1.8.0_221\jre\lib\ext;C:\WINDOWS\Sun\Java\lib\ext"/>
    <property name="sun.io.unicode.encoding" value="UnicodeLittle"/>
    <property name="maven.repo.local" value="D:\Program Files (x86)\apache-maven-3.9.0-bin\apache-maven-3.9.0\rep"/>
    <property name="java.class.version" value="52.0"/>
  </properties>
  <testcase name="contextLoads" classname="dengzhenzhang.top.unibook_back.UnibookBackApplicationTests" time="0.734"/>
</testsuite>